<?xml version="1.0" encoding="UTF-8"?>
<coverage generated="1631103185177" clover="3.2.0">
  <project timestamp="1631103185177" name="All files">
    <metrics statements="148" coveredstatements="140" conditionals="34" coveredconditionals="25" methods="36" coveredmethods="31" elements="218" coveredelements="196" complexity="0" loc="148" ncloc="148" packages="2" files="6" classes="6"/>
    <package name="Todo">
      <metrics statements="107" coveredstatements="101" conditionals="16" coveredconditionals="10" methods="31" coveredmethods="26"/>
      <file name="card.tsx" path="/home/ITRANSITION.CORP/s.chetyrbok/react-todo/src/Todo/card.tsx">
        <metrics statements="24" coveredstatements="24" conditionals="2" coveredconditionals="1" methods="4" coveredmethods="4"/>
        <line num="1" count="2" type="stmt"/>
        <line num="2" count="2" type="stmt"/>
        <line num="3" count="2" type="stmt"/>
        <line num="4" count="2" type="stmt"/>
        <line num="5" count="2" type="stmt"/>
        <line num="6" count="2" type="stmt"/>
        <line num="7" count="2" type="stmt"/>
        <line num="8" count="2" type="stmt"/>
        <line num="10" count="2" type="stmt"/>
        <line num="11" count="2" type="stmt"/>
        <line num="12" count="2" type="stmt"/>
        <line num="18" count="2" type="stmt"/>
        <line num="28" count="2" type="stmt"/>
        <line num="29" count="5" type="stmt"/>
        <line num="30" count="5" type="stmt"/>
        <line num="32" count="5" type="stmt"/>
        <line num="33" count="5" type="stmt"/>
        <line num="34" count="5" type="stmt"/>
        <line num="35" count="5" type="cond" truecount="1" falsecount="1"/>
        <line num="37" count="5" type="stmt"/>
        <line num="40" count="5" type="stmt"/>
        <line num="71" count="1" type="stmt"/>
        <line num="80" count="1" type="stmt"/>
        <line num="90" count="2" type="stmt"/>
      </file>
      <file name="editDialog.tsx" path="/home/ITRANSITION.CORP/s.chetyrbok/react-todo/src/Todo/editDialog.tsx">
        <metrics statements="30" coveredstatements="26" conditionals="6" coveredconditionals="5" methods="9" coveredmethods="5"/>
        <line num="1" count="3" type="stmt"/>
        <line num="2" count="3" type="stmt"/>
        <line num="3" count="3" type="stmt"/>
        <line num="4" count="3" type="stmt"/>
        <line num="5" count="3" type="stmt"/>
        <line num="6" count="3" type="stmt"/>
        <line num="7" count="3" type="stmt"/>
        <line num="8" count="3" type="stmt"/>
        <line num="10" count="3" type="stmt"/>
        <line num="11" count="3" type="stmt"/>
        <line num="12" count="3" type="stmt"/>
        <line num="18" count="5" type="stmt"/>
        <line num="29" count="3" type="stmt"/>
        <line num="30" count="19" type="stmt"/>
        <line num="31" count="19" type="stmt"/>
        <line num="32" count="19" type="stmt"/>
        <line num="33" count="19" type="stmt"/>
        <line num="34" count="19" type="stmt"/>
        <line num="35" count="19" type="stmt"/>
        <line num="43" count="19" type="stmt"/>
        <line num="44" count="1" type="stmt"/>
        <line num="46" count="1" type="stmt"/>
        <line num="49" count="19" type="stmt"/>
        <line num="54" count="2" type="stmt"/>
        <line num="61" count="0" type="stmt"/>
        <line num="71" count="2" type="stmt"/>
        <line num="72" count="0" type="stmt"/>
        <line num="92" count="0" type="stmt"/>
        <line num="99" count="0" type="stmt"/>
        <line num="120" count="3" type="stmt"/>
      </file>
      <file name="form.tsx" path="/home/ITRANSITION.CORP/s.chetyrbok/react-todo/src/Todo/form.tsx">
        <metrics statements="26" coveredstatements="25" conditionals="6" coveredconditionals="3" methods="6" coveredmethods="5"/>
        <line num="1" count="1" type="stmt"/>
        <line num="2" count="1" type="stmt"/>
        <line num="3" count="1" type="stmt"/>
        <line num="4" count="1" type="stmt"/>
        <line num="5" count="1" type="stmt"/>
        <line num="7" count="1" type="stmt"/>
        <line num="8" count="1" type="stmt"/>
        <line num="9" count="1" type="stmt"/>
        <line num="12" count="1" type="stmt"/>
        <line num="22" count="1" type="stmt"/>
        <line num="23" count="7" type="stmt"/>
        <line num="24" count="7" type="stmt"/>
        <line num="25" count="7" type="stmt"/>
        <line num="26" count="7" type="stmt"/>
        <line num="29" count="7" type="stmt"/>
        <line num="37" count="7" type="stmt"/>
        <line num="38" count="1" type="stmt"/>
        <line num="40" count="1" type="stmt"/>
        <line num="41" count="1" type="stmt"/>
        <line num="42" count="1" type="stmt"/>
        <line num="43" count="1" type="stmt"/>
        <line num="46" count="7" type="stmt"/>
        <line num="52" count="0" type="stmt"/>
        <line num="53" count="1" type="stmt"/>
        <line num="70" count="1" type="stmt"/>
        <line num="87" count="1" type="stmt"/>
      </file>
      <file name="list.tsx" path="/home/ITRANSITION.CORP/s.chetyrbok/react-todo/src/Todo/list.tsx">
        <metrics statements="13" coveredstatements="13" conditionals="0" coveredconditionals="0" methods="5" coveredmethods="5"/>
        <line num="1" count="1" type="stmt"/>
        <line num="2" count="1" type="stmt"/>
        <line num="4" count="1" type="stmt"/>
        <line num="5" count="1" type="stmt"/>
        <line num="7" count="1" type="stmt"/>
        <line num="17" count="1" type="stmt"/>
        <line num="18" count="1" type="stmt"/>
        <line num="19" count="1" type="stmt"/>
        <line num="20" count="1" type="stmt"/>
        <line num="21" count="4" type="stmt"/>
        <line num="24" count="1" type="stmt"/>
        <line num="34" count="3" type="stmt"/>
        <line num="42" count="1" type="stmt"/>
      </file>
      <file name="slice.ts" path="/home/ITRANSITION.CORP/s.chetyrbok/react-todo/src/Todo/slice.ts">
        <metrics statements="14" coveredstatements="13" conditionals="2" coveredconditionals="1" methods="7" coveredmethods="7"/>
        <line num="1" count="5" type="stmt"/>
        <line num="3" count="5" type="stmt"/>
        <line num="5" count="5" type="stmt"/>
        <line num="10" count="5" type="stmt"/>
        <line num="15" count="2" type="stmt"/>
        <line num="18" count="2" type="stmt"/>
        <line num="19" count="2" type="cond" truecount="1" falsecount="1"/>
        <line num="20" count="2" type="stmt"/>
        <line num="23" count="0" type="stmt"/>
        <line num="27" count="2" type="stmt"/>
        <line num="29" count="2" type="stmt"/>
        <line num="32" count="2" type="stmt"/>
        <line num="37" count="5" type="stmt"/>
        <line num="39" count="5" type="stmt"/>
      </file>
    </package>
    <package name="hooks">
      <metrics statements="41" coveredstatements="39" conditionals="18" coveredconditionals="15" methods="5" coveredmethods="5"/>
      <file name="useInput.hook.ts" path="/home/ITRANSITION.CORP/s.chetyrbok/react-todo/src/hooks/useInput.hook.ts">
        <metrics statements="41" coveredstatements="39" conditionals="18" coveredconditionals="15" methods="5" coveredmethods="5"/>
        <line num="2" count="4" type="stmt"/>
        <line num="4" count="4" type="cond" truecount="0" falsecount="1"/>
        <line num="5" count="26" type="stmt"/>
        <line num="6" count="26" type="stmt"/>
        <line num="7" count="26" type="stmt"/>
        <line num="8" count="26" type="stmt"/>
        <line num="9" count="26" type="stmt"/>
        <line num="10" count="26" type="stmt"/>
        <line num="12" count="26" type="stmt"/>
        <line num="13" count="10" type="stmt"/>
        <line num="15" count="10" type="stmt"/>
        <line num="18" count="30" type="cond" truecount="2" falsecount="0"/>
        <line num="20" count="10" type="cond" truecount="4" falsecount="0"/>
        <line num="21" count="2" type="stmt"/>
        <line num="22" count="2" type="stmt"/>
        <line num="24" count="8" type="stmt"/>
        <line num="29" count="30" type="cond" truecount="2" falsecount="0"/>
        <line num="31" count="10" type="cond" truecount="1" falsecount="1"/>
        <line num="32" count="0" type="stmt"/>
        <line num="33" count="0" type="stmt"/>
        <line num="35" count="10" type="stmt"/>
        <line num="40" count="30" type="cond" truecount="2" falsecount="0"/>
        <line num="42" count="10" type="cond" truecount="2" falsecount="0"/>
        <line num="43" count="2" type="stmt"/>
        <line num="44" count="2" type="stmt"/>
        <line num="46" count="8" type="stmt"/>
        <line num="53" count="10" type="cond" truecount="2" falsecount="0"/>
        <line num="54" count="4" type="stmt"/>
        <line num="55" count="4" type="stmt"/>
        <line num="57" count="6" type="stmt"/>
        <line num="62" count="26" type="stmt"/>
        <line num="74" count="4" type="cond" truecount="0" falsecount="1"/>
        <line num="75" count="26" type="stmt"/>
        <line num="76" count="26" type="stmt"/>
        <line num="77" count="26" type="stmt"/>
        <line num="79" count="26" type="stmt"/>
        <line num="80" count="1" type="stmt"/>
        <line num="83" count="26" type="stmt"/>
        <line num="84" count="2" type="stmt"/>
        <line num="87" count="26" type="stmt"/>
        <line num="98" count="4" type="stmt"/>
      </file>
    </package>
  </project>
</coverage>
