{"/home/ITRANSITION.CORP/s.chetyrbok/react-todo/src/Todo/card.tsx": {"path":"/home/ITRANSITION.CORP/s.chetyrbok/react-todo/src/Todo/card.tsx","statementMap":{"0":{"start":{"line":1,"column":0},"end":{"line":1,"column":25}},"1":{"start":{"line":2,"column":0},"end":{"line":2,"column":41}},"2":{"start":{"line":3,"column":0},"end":{"line":3,"column":53}},"3":{"start":{"line":4,"column":0},"end":{"line":4,"column":41}},"4":{"start":{"line":5,"column":0},"end":{"line":5,"column":55}},"5":{"start":{"line":6,"column":0},"end":{"line":6,"column":55}},"6":{"start":{"line":7,"column":0},"end":{"line":7,"column":45}},"7":{"start":{"line":8,"column":0},"end":{"line":8,"column":53}},"8":{"start":{"line":10,"column":0},"end":{"line":10,"column":41}},"9":{"start":{"line":11,"column":0},"end":{"line":11,"column":50}},"10":{"start":{"line":12,"column":0},"end":{"line":12,"column":42}},"11":{"start":{"line":18,"column":18},"end":{"line":26,"column":2}},"12":{"start":{"line":28,"column":43},"end":{"line":88,"column":1}},"13":{"start":{"line":29,"column":17},"end":{"line":29,"column":28}},"14":{"start":{"line":30,"column":18},"end":{"line":30,"column":31}},"15":{"start":{"line":32,"column":21},"end":{"line":38,"column":2}},"16":{"start":{"line":33,"column":19},"end":{"line":33,"column":38}},"17":{"start":{"line":34,"column":18},"end":{"line":34,"column":39}},"18":{"start":{"line":35,"column":26},"end":{"line":35,"column":67}},"19":{"start":{"line":37,"column":2},"end":{"line":37,"column":null}},"20":{"start":{"line":40,"column":1},"end":{"line":87,"column":null}},"21":{"start":{"line":71,"column":20},"end":{"line":71,"column":48}},"22":{"start":{"line":80,"column":20},"end":{"line":80,"column":46}},"23":{"start":{"line":90,"column":0},"end":{"line":90,"column":null}}},"fnMap":{"0":{"name":"(anonymous_0)","decl":{"start":{"line":28,"column":43},"end":{"line":28,"column":44}},"loc":{"start":{"line":28,"column":69},"end":{"line":88,"column":1}}},"1":{"name":"(anonymous_1)","decl":{"start":{"line":32,"column":21},"end":{"line":32,"column":32}},"loc":{"start":{"line":32,"column":34},"end":{"line":38,"column":2}}},"2":{"name":"(anonymous_2)","decl":{"start":{"line":71,"column":14},"end":{"line":71,"column":17}},"loc":{"start":{"line":71,"column":20},"end":{"line":71,"column":48}}},"3":{"name":"(anonymous_3)","decl":{"start":{"line":80,"column":14},"end":{"line":80,"column":17}},"loc":{"start":{"line":80,"column":20},"end":{"line":80,"column":46}}}},"branchMap":{"0":{"loc":{"start":{"line":35,"column":42},"end":{"line":35,"column":49}},"type":"cond-expr","locations":[{"start":{"line":35,"column":42},"end":{"line":35,"column":49}},{"start":{"line":35,"column":52},"end":{"line":35,"column":67}}]}},"s":{"0":2,"1":2,"2":2,"3":2,"4":2,"5":2,"6":2,"7":2,"8":2,"9":2,"10":2,"11":2,"12":2,"13":5,"14":5,"15":5,"16":5,"17":5,"18":5,"19":5,"20":5,"21":1,"22":1,"23":2},"f":{"0":5,"1":5,"2":1,"3":1},"b":{"0":[0,5]}}
,"/home/ITRANSITION.CORP/s.chetyrbok/react-todo/src/Todo/editDialog.tsx": {"path":"/home/ITRANSITION.CORP/s.chetyrbok/react-todo/src/Todo/editDialog.tsx","statementMap":{"0":{"start":{"line":1,"column":0},"end":{"line":1,"column":39}},"1":{"start":{"line":2,"column":0},"end":{"line":2,"column":45}},"2":{"start":{"line":3,"column":0},"end":{"line":3,"column":45}},"3":{"start":{"line":4,"column":0},"end":{"line":4,"column":59}},"4":{"start":{"line":5,"column":0},"end":{"line":5,"column":59}},"5":{"start":{"line":6,"column":0},"end":{"line":6,"column":53}},"6":{"start":{"line":7,"column":0},"end":{"line":7,"column":45}},"7":{"start":{"line":8,"column":0},"end":{"line":8,"column":41}},"8":{"start":{"line":10,"column":0},"end":{"line":10,"column":42}},"9":{"start":{"line":11,"column":0},"end":{"line":11,"column":34}},"10":{"start":{"line":12,"column":0},"end":{"line":12,"column":44}},"11":{"start":{"line":18,"column":18},"end":{"line":26,"column":3}},"12":{"start":{"line":18,"column":41},"end":{"line":26,"column":2}},"13":{"start":{"line":29,"column":55},"end":{"line":118,"column":1}},"14":{"start":{"line":30,"column":25},"end":{"line":30,"column":40}},"15":{"start":{"line":31,"column":22},"end":{"line":31,"column":90}},"16":{"start":{"line":32,"column":46},"end":{"line":32,"column":72}},"17":{"start":{"line":33,"column":18},"end":{"line":33,"column":31}},"18":{"start":{"line":34,"column":17},"end":{"line":34,"column":28}},"19":{"start":{"line":35,"column":27},"end":{"line":41,"column":null}},"20":{"start":{"line":43,"column":16},"end":{"line":47,"column":2}},"21":{"start":{"line":44,"column":2},"end":{"line":44,"column":null}},"22":{"start":{"line":46,"column":2},"end":{"line":46,"column":null}},"23":{"start":{"line":49,"column":1},"end":{"line":117,"column":null}},"24":{"start":{"line":54,"column":19},"end":{"line":54,"column":32}},"25":{"start":{"line":61,"column":19},"end":{"line":61,"column":33}},"26":{"start":{"line":71,"column":21},"end":{"line":71,"column":42}},"27":{"start":{"line":72,"column":22},"end":{"line":72,"column":46}},"28":{"start":{"line":92,"column":26},"end":{"line":92,"column":60}},"29":{"start":{"line":99,"column":21},"end":{"line":99,"column":35}},"30":{"start":{"line":120,"column":0},"end":{"line":120,"column":null}}},"fnMap":{"0":{"name":"(anonymous_0)","decl":{"start":{"line":18,"column":29},"end":{"line":18,"column":30}},"loc":{"start":{"line":18,"column":41},"end":{"line":26,"column":2}}},"1":{"name":"(anonymous_1)","decl":{"start":{"line":29,"column":55},"end":{"line":29,"column":56}},"loc":{"start":{"line":29,"column":83},"end":{"line":118,"column":1}}},"2":{"name":"(anonymous_2)","decl":{"start":{"line":43,"column":16},"end":{"line":43,"column":19}},"loc":{"start":{"line":43,"column":21},"end":{"line":47,"column":2}}},"3":{"name":"(anonymous_3)","decl":{"start":{"line":54,"column":13},"end":{"line":54,"column":16}},"loc":{"start":{"line":54,"column":19},"end":{"line":54,"column":32}}},"4":{"name":"(anonymous_4)","decl":{"start":{"line":61,"column":13},"end":{"line":61,"column":16}},"loc":{"start":{"line":61,"column":19},"end":{"line":61,"column":33}}},"5":{"name":"(anonymous_5)","decl":{"start":{"line":71,"column":15},"end":{"line":71,"column":18}},"loc":{"start":{"line":71,"column":21},"end":{"line":71,"column":42}}},"6":{"name":"(anonymous_6)","decl":{"start":{"line":72,"column":17},"end":{"line":72,"column":18}},"loc":{"start":{"line":72,"column":22},"end":{"line":72,"column":46}}},"7":{"name":"(anonymous_7)","decl":{"start":{"line":92,"column":17},"end":{"line":92,"column":22}},"loc":{"start":{"line":92,"column":26},"end":{"line":92,"column":60}}},"8":{"name":"(anonymous_8)","decl":{"start":{"line":99,"column":15},"end":{"line":99,"column":18}},"loc":{"start":{"line":99,"column":21},"end":{"line":99,"column":35}}}},"branchMap":{"0":{"loc":{"start":{"line":73,"column":15},"end":{"line":73,"column":35}},"type":"binary-expr","locations":[{"start":{"line":73,"column":15},"end":{"line":73,"column":35}},{"start":{"line":73,"column":39},"end":{"line":73,"column":60}}]},"1":{"loc":{"start":{"line":74,"column":68},"end":{"line":74,"column":93}},"type":"cond-expr","locations":[{"start":{"line":74,"column":68},"end":{"line":74,"column":93}},{"start":{"line":74,"column":96},"end":{"line":74,"column":98}}]},"2":{"loc":{"start":{"line":74,"column":20},"end":{"line":74,"column":40}},"type":"binary-expr","locations":[{"start":{"line":74,"column":20},"end":{"line":74,"column":40}},{"start":{"line":74,"column":44},"end":{"line":74,"column":65}}]}},"s":{"0":3,"1":3,"2":3,"3":3,"4":3,"5":3,"6":3,"7":3,"8":3,"9":3,"10":3,"11":3,"12":5,"13":3,"14":19,"15":19,"16":19,"17":19,"18":19,"19":19,"20":19,"21":1,"22":1,"23":19,"24":2,"25":0,"26":2,"27":0,"28":0,"29":0,"30":3},"f":{"0":5,"1":19,"2":1,"3":2,"4":0,"5":2,"6":0,"7":0,"8":0},"b":{"0":[19,3],"1":[0,19],"2":[19,3]}}
,"/home/ITRANSITION.CORP/s.chetyrbok/react-todo/src/Todo/form.tsx": {"path":"/home/ITRANSITION.CORP/s.chetyrbok/react-todo/src/Todo/form.tsx","statementMap":{"0":{"start":{"line":1,"column":0},"end":{"line":1,"column":39}},"1":{"start":{"line":2,"column":0},"end":{"line":2,"column":31}},"2":{"start":{"line":3,"column":0},"end":{"line":3,"column":53}},"3":{"start":{"line":4,"column":0},"end":{"line":4,"column":53}},"4":{"start":{"line":5,"column":0},"end":{"line":5,"column":41}},"5":{"start":{"line":7,"column":0},"end":{"line":7,"column":33}},"6":{"start":{"line":8,"column":0},"end":{"line":8,"column":42}},"7":{"start":{"line":9,"column":0},"end":{"line":9,"column":44}},"8":{"start":{"line":12,"column":18},"end":{"line":20,"column":3}},"9":{"start":{"line":12,"column":41},"end":{"line":20,"column":2}},"10":{"start":{"line":22,"column":27},"end":{"line":85,"column":1}},"11":{"start":{"line":23,"column":17},"end":{"line":23,"column":28}},"12":{"start":{"line":24,"column":18},"end":{"line":24,"column":31}},"13":{"start":{"line":25,"column":15},"end":{"line":25,"column":75}},"14":{"start":{"line":26,"column":39},"end":{"line":26,"column":51}},"15":{"start":{"line":29,"column":21},"end":{"line":35,"column":null}},"16":{"start":{"line":37,"column":16},"end":{"line":44,"column":2}},"17":{"start":{"line":38,"column":2},"end":{"line":38,"column":null}},"18":{"start":{"line":40,"column":2},"end":{"line":40,"column":null}},"19":{"start":{"line":41,"column":2},"end":{"line":41,"column":null}},"20":{"start":{"line":42,"column":2},"end":{"line":42,"column":null}},"21":{"start":{"line":43,"column":2},"end":{"line":43,"column":null}},"22":{"start":{"line":46,"column":1},"end":{"line":84,"column":null}},"23":{"start":{"line":52,"column":18},"end":{"line":52,"column":32}},"24":{"start":{"line":53,"column":19},"end":{"line":53,"column":36}},"25":{"start":{"line":70,"column":19},"end":{"line":70,"column":49}},"26":{"start":{"line":87,"column":0},"end":{"line":87,"column":null}}},"fnMap":{"0":{"name":"(anonymous_0)","decl":{"start":{"line":12,"column":29},"end":{"line":12,"column":30}},"loc":{"start":{"line":12,"column":41},"end":{"line":20,"column":2}}},"1":{"name":"(anonymous_1)","decl":{"start":{"line":22,"column":27},"end":{"line":22,"column":30}},"loc":{"start":{"line":22,"column":32},"end":{"line":85,"column":1}}},"2":{"name":"(anonymous_2)","decl":{"start":{"line":37,"column":16},"end":{"line":37,"column":25}},"loc":{"start":{"line":37,"column":27},"end":{"line":44,"column":2}}},"3":{"name":"(anonymous_3)","decl":{"start":{"line":52,"column":12},"end":{"line":52,"column":15}},"loc":{"start":{"line":52,"column":18},"end":{"line":52,"column":32}}},"4":{"name":"(anonymous_4)","decl":{"start":{"line":53,"column":14},"end":{"line":53,"column":15}},"loc":{"start":{"line":53,"column":19},"end":{"line":53,"column":36}}},"5":{"name":"(anonymous_5)","decl":{"start":{"line":70,"column":14},"end":{"line":70,"column":15}},"loc":{"start":{"line":70,"column":19},"end":{"line":70,"column":49}}}},"branchMap":{"0":{"loc":{"start":{"line":54,"column":12},"end":{"line":54,"column":25}},"type":"binary-expr","locations":[{"start":{"line":54,"column":12},"end":{"line":54,"column":25}},{"start":{"line":54,"column":29},"end":{"line":54,"column":43}}]},"1":{"loc":{"start":{"line":55,"column":51},"end":{"line":55,"column":69}},"type":"cond-expr","locations":[{"start":{"line":55,"column":51},"end":{"line":55,"column":69}},{"start":{"line":55,"column":72},"end":{"line":55,"column":74}}]},"2":{"loc":{"start":{"line":55,"column":17},"end":{"line":55,"column":30}},"type":"binary-expr","locations":[{"start":{"line":55,"column":17},"end":{"line":55,"column":30}},{"start":{"line":55,"column":34},"end":{"line":55,"column":48}}]}},"s":{"0":1,"1":1,"2":1,"3":1,"4":1,"5":1,"6":1,"7":1,"8":1,"9":1,"10":1,"11":7,"12":7,"13":7,"14":7,"15":7,"16":7,"17":1,"18":1,"19":1,"20":1,"21":1,"22":7,"23":0,"24":1,"25":1,"26":1},"f":{"0":1,"1":7,"2":1,"3":0,"4":1,"5":1},"b":{"0":[7,0],"1":[0,7],"2":[7,0]}}
,"/home/ITRANSITION.CORP/s.chetyrbok/react-todo/src/Todo/list.tsx": {"path":"/home/ITRANSITION.CORP/s.chetyrbok/react-todo/src/Todo/list.tsx","statementMap":{"0":{"start":{"line":1,"column":0},"end":{"line":1,"column":25}},"1":{"start":{"line":2,"column":0},"end":{"line":2,"column":52}},"2":{"start":{"line":4,"column":0},"end":{"line":4,"column":29}},"3":{"start":{"line":5,"column":0},"end":{"line":5,"column":42}},"4":{"start":{"line":7,"column":18},"end":{"line":11,"column":3}},"5":{"start":{"line":7,"column":36},"end":{"line":11,"column":2}},"6":{"start":{"line":17,"column":43},"end":{"line":40,"column":1}},"7":{"start":{"line":18,"column":17},"end":{"line":18,"column":28}},"8":{"start":{"line":19,"column":30},"end":{"line":22,"column":2}},"9":{"start":{"line":20,"column":22},"end":{"line":20,"column":32}},"10":{"start":{"line":21,"column":2},"end":{"line":21,"column":null}},"11":{"start":{"line":21,"column":51},"end":{"line":21,"column":66}},"12":{"start":{"line":24,"column":1},"end":{"line":39,"column":null}},"13":{"start":{"line":34,"column":6},"end":{"line":34,"column":null}},"14":{"start":{"line":42,"column":0},"end":{"line":42,"column":null}}},"fnMap":{"0":{"name":"(anonymous_0)","decl":{"start":{"line":7,"column":29},"end":{"line":7,"column":32}},"loc":{"start":{"line":7,"column":36},"end":{"line":11,"column":2}}},"1":{"name":"(anonymous_1)","decl":{"start":{"line":17,"column":43},"end":{"line":17,"column":44}},"loc":{"start":{"line":17,"column":73},"end":{"line":40,"column":1}}},"2":{"name":"(anonymous_2)","decl":{"start":{"line":19,"column":30},"end":{"line":19,"column":33}},"loc":{"start":{"line":19,"column":35},"end":{"line":22,"column":2}}},"3":{"name":"(anonymous_3)","decl":{"start":{"line":21,"column":26},"end":{"line":21,"column":27}},"loc":{"start":{"line":21,"column":51},"end":{"line":21,"column":66}}},"4":{"name":"(anonymous_4)","decl":{"start":{"line":33,"column":32},"end":{"line":33,"column":33}},"loc":{"start":{"line":33,"column":49},"end":{"line":35,"column":6}}}},"branchMap":{},"s":{"0":1,"1":1,"2":1,"3":1,"4":1,"5":1,"6":1,"7":1,"8":1,"9":1,"10":1,"11":4,"12":1,"13":3,"14":1},"f":{"0":1,"1":1,"2":1,"3":4,"4":3},"b":{}}
,"/home/ITRANSITION.CORP/s.chetyrbok/react-todo/src/Todo/slice.ts": {"path":"/home/ITRANSITION.CORP/s.chetyrbok/react-todo/src/Todo/slice.ts","statementMap":{"0":{"start":{"line":1,"column":0},"end":{"line":1,"column":46}},"1":{"start":{"line":3,"column":0},"end":{"line":3,"column":55}},"2":{"start":{"line":5,"column":34},"end":{"line":8,"column":null}},"3":{"start":{"line":10,"column":19},"end":{"line":35,"column":2}},"4":{"start":{"line":15,"column":3},"end":{"line":15,"column":null}},"5":{"start":{"line":18,"column":3},"end":{"line":24,"column":null}},"6":{"start":{"line":19,"column":4},"end":{"line":21,"column":null}},"7":{"start":{"line":20,"column":5},"end":{"line":20,"column":null}},"8":{"start":{"line":23,"column":4},"end":{"line":23,"column":null}},"9":{"start":{"line":27,"column":3},"end":{"line":27,"column":null}},"10":{"start":{"line":29,"column":3},"end":{"line":29,"column":null}},"11":{"start":{"line":29,"column":53},"end":{"line":29,"column":81}},"12":{"start":{"line":32,"column":3},"end":{"line":32,"column":null}},"13":{"start":{"line":32,"column":53},"end":{"line":32,"column":81}},"14":{"start":{"line":37,"column":0},"end":{"line":37,"column":null}},"15":{"start":{"line":39,"column":13},"end":{"line":43,"column":null}}},"fnMap":{"0":{"name":"(anonymous_0)","decl":{"start":{"line":14,"column":2},"end":{"line":14,"column":9}},"loc":{"start":{"line":14,"column":23},"end":{"line":16,"column":3}}},"1":{"name":"(anonymous_1)","decl":{"start":{"line":17,"column":2},"end":{"line":17,"column":10}},"loc":{"start":{"line":17,"column":24},"end":{"line":25,"column":3}}},"2":{"name":"(anonymous_2)","decl":{"start":{"line":18,"column":33},"end":{"line":18,"column":34}},"loc":{"start":{"line":18,"column":49},"end":{"line":24,"column":4}}},"3":{"name":"(anonymous_3)","decl":{"start":{"line":26,"column":2},"end":{"line":26,"column":14}},"loc":{"start":{"line":26,"column":28},"end":{"line":30,"column":3}}},"4":{"name":"(anonymous_4)","decl":{"start":{"line":29,"column":36},"end":{"line":29,"column":37}},"loc":{"start":{"line":29,"column":53},"end":{"line":29,"column":81}}},"5":{"name":"(anonymous_5)","decl":{"start":{"line":31,"column":2},"end":{"line":31,"column":12}},"loc":{"start":{"line":31,"column":26},"end":{"line":33,"column":3}}},"6":{"name":"(anonymous_6)","decl":{"start":{"line":32,"column":36},"end":{"line":32,"column":37}},"loc":{"start":{"line":32,"column":53},"end":{"line":32,"column":81}}}},"branchMap":{"0":{"loc":{"start":{"line":19,"column":4},"end":{"line":21,"column":null}},"type":"if","locations":[{"start":{"line":19,"column":4},"end":{"line":21,"column":null}},{"start":{"line":19,"column":4},"end":{"line":21,"column":null}}]}},"s":{"0":5,"1":5,"2":5,"3":5,"4":2,"5":2,"6":2,"7":2,"8":0,"9":2,"10":2,"11":2,"12":2,"13":1,"14":5,"15":5},"f":{"0":2,"1":2,"2":2,"3":2,"4":2,"5":2,"6":1},"b":{"0":[2,0]}}
,"/home/ITRANSITION.CORP/s.chetyrbok/react-todo/src/hooks/useInput.hook.ts": {"path":"/home/ITRANSITION.CORP/s.chetyrbok/react-todo/src/hooks/useInput.hook.ts","statementMap":{"0":{"start":{"line":2,"column":0},"end":{"line":2,"column":43}},"1":{"start":{"line":4,"column":22},"end":{"line":72,"column":1}},"2":{"start":{"line":5,"column":22},"end":{"line":5,"column":34}},"3":{"start":{"line":6,"column":29},"end":{"line":6,"column":43}},"4":{"start":{"line":7,"column":45},"end":{"line":7,"column":60}},"5":{"start":{"line":8,"column":45},"end":{"line":8,"column":60}},"6":{"start":{"line":9,"column":29},"end":{"line":9,"column":43}},"7":{"start":{"line":10,"column":41},"end":{"line":10,"column":53}},"8":{"start":{"line":12,"column":1},"end":{"line":60,"column":null}},"9":{"start":{"line":13,"column":30},"end":{"line":13,"column":32}},"10":{"start":{"line":15,"column":2},"end":{"line":51,"column":null}},"11":{"start":{"line":18,"column":3},"end":{"line":27,"column":null}},"12":{"start":{"line":20,"column":4},"end":{"line":25,"column":null}},"13":{"start":{"line":21,"column":5},"end":{"line":21,"column":null}},"14":{"start":{"line":22,"column":5},"end":{"line":22,"column":null}},"15":{"start":{"line":24,"column":5},"end":{"line":24,"column":null}},"16":{"start":{"line":29,"column":3},"end":{"line":38,"column":null}},"17":{"start":{"line":31,"column":4},"end":{"line":36,"column":null}},"18":{"start":{"line":32,"column":5},"end":{"line":32,"column":null}},"19":{"start":{"line":33,"column":5},"end":{"line":33,"column":null}},"20":{"start":{"line":35,"column":5},"end":{"line":35,"column":null}},"21":{"start":{"line":40,"column":3},"end":{"line":49,"column":null}},"22":{"start":{"line":42,"column":4},"end":{"line":47,"column":null}},"23":{"start":{"line":43,"column":5},"end":{"line":43,"column":null}},"24":{"start":{"line":44,"column":5},"end":{"line":44,"column":null}},"25":{"start":{"line":46,"column":5},"end":{"line":46,"column":null}},"26":{"start":{"line":53,"column":2},"end":{"line":58,"column":null}},"27":{"start":{"line":54,"column":3},"end":{"line":54,"column":null}},"28":{"start":{"line":55,"column":3},"end":{"line":55,"column":null}},"29":{"start":{"line":57,"column":3},"end":{"line":57,"column":null}},"30":{"start":{"line":62,"column":1},"end":{"line":70,"column":null}},"31":{"start":{"line":74,"column":17},"end":{"line":96,"column":1}},"32":{"start":{"line":75,"column":27},"end":{"line":75,"column":46}},"33":{"start":{"line":76,"column":29},"end":{"line":76,"column":44}},"34":{"start":{"line":77,"column":15},"end":{"line":77,"column":48}},"35":{"start":{"line":79,"column":18},"end":{"line":81,"column":2}},"36":{"start":{"line":80,"column":2},"end":{"line":80,"column":null}},"37":{"start":{"line":83,"column":16},"end":{"line":85,"column":2}},"38":{"start":{"line":84,"column":2},"end":{"line":84,"column":null}},"39":{"start":{"line":87,"column":1},"end":{"line":95,"column":null}},"40":{"start":{"line":98,"column":0},"end":{"line":98,"column":null}}},"fnMap":{"0":{"name":"(anonymous_0)","decl":{"start":{"line":4,"column":22},"end":{"line":4,"column":23}},"loc":{"start":{"line":4,"column":58},"end":{"line":72,"column":1}}},"1":{"name":"(anonymous_1)","decl":{"start":{"line":12,"column":11},"end":{"line":12,"column":14}},"loc":{"start":{"line":12,"column":16},"end":{"line":60,"column":2}}},"2":{"name":"(anonymous_2)","decl":{"start":{"line":74,"column":17},"end":{"line":74,"column":18}},"loc":{"start":{"line":74,"column":57},"end":{"line":96,"column":1}}},"3":{"name":"(anonymous_3)","decl":{"start":{"line":79,"column":18},"end":{"line":79,"column":19}},"loc":{"start":{"line":79,"column":24},"end":{"line":81,"column":2}}},"4":{"name":"(anonymous_4)","decl":{"start":{"line":83,"column":16},"end":{"line":83,"column":19}},"loc":{"start":{"line":83,"column":21},"end":{"line":85,"column":2}}}},"branchMap":{"0":{"loc":{"start":{"line":4,"column":52},"end":{"line":4,"column":54}},"type":"default-arg","locations":[{"start":{"line":4,"column":52},"end":{"line":4,"column":54}}]},"1":{"loc":{"start":{"line":18,"column":3},"end":{"line":27,"column":null}},"type":"if","locations":[{"start":{"line":18,"column":3},"end":{"line":27,"column":null}},{"start":{"line":18,"column":3},"end":{"line":27,"column":null}}]},"2":{"loc":{"start":{"line":20,"column":4},"end":{"line":25,"column":null}},"type":"if","locations":[{"start":{"line":20,"column":4},"end":{"line":25,"column":null}},{"start":{"line":20,"column":4},"end":{"line":25,"column":null}}]},"3":{"loc":{"start":{"line":20,"column":8},"end":{"line":20,"column":54}},"type":"binary-expr","locations":[{"start":{"line":20,"column":8},"end":{"line":20,"column":54}},{"start":{"line":20,"column":58},"end":{"line":20,"column":81}}]},"4":{"loc":{"start":{"line":29,"column":3},"end":{"line":38,"column":null}},"type":"if","locations":[{"start":{"line":29,"column":3},"end":{"line":38,"column":null}},{"start":{"line":29,"column":3},"end":{"line":38,"column":null}}]},"5":{"loc":{"start":{"line":31,"column":4},"end":{"line":36,"column":null}},"type":"if","locations":[{"start":{"line":31,"column":4},"end":{"line":36,"column":null}},{"start":{"line":31,"column":4},"end":{"line":36,"column":null}}]},"6":{"loc":{"start":{"line":40,"column":3},"end":{"line":49,"column":null}},"type":"if","locations":[{"start":{"line":40,"column":3},"end":{"line":49,"column":null}},{"start":{"line":40,"column":3},"end":{"line":49,"column":null}}]},"7":{"loc":{"start":{"line":42,"column":4},"end":{"line":47,"column":null}},"type":"if","locations":[{"start":{"line":42,"column":4},"end":{"line":47,"column":null}},{"start":{"line":42,"column":4},"end":{"line":47,"column":null}}]},"8":{"loc":{"start":{"line":53,"column":2},"end":{"line":58,"column":null}},"type":"if","locations":[{"start":{"line":53,"column":2},"end":{"line":58,"column":null}},{"start":{"line":53,"column":2},"end":{"line":58,"column":null}}]},"9":{"loc":{"start":{"line":74,"column":51},"end":{"line":74,"column":53}},"type":"default-arg","locations":[{"start":{"line":74,"column":51},"end":{"line":74,"column":53}}]}},"s":{"0":4,"1":4,"2":26,"3":26,"4":26,"5":26,"6":26,"7":26,"8":26,"9":10,"10":10,"11":30,"12":10,"13":2,"14":2,"15":8,"16":30,"17":10,"18":0,"19":0,"20":10,"21":30,"22":10,"23":2,"24":2,"25":8,"26":10,"27":4,"28":4,"29":6,"30":26,"31":4,"32":26,"33":26,"34":26,"35":26,"36":1,"37":26,"38":2,"39":26,"40":4},"f":{"0":26,"1":10,"2":26,"3":1,"4":2},"b":{"0":[0],"1":[10,20],"2":[2,8],"3":[10,4],"4":[10,20],"5":[0,10],"6":[10,20],"7":[2,8],"8":[4,6],"9":[0]}}
}
