TN:
SF:src/Todo/card.tsx
FN:28,(anonymous_0)
FN:32,(anonymous_1)
FN:71,(anonymous_2)
FN:80,(anonymous_3)
FNF:4
FNH:4
FNDA:5,(anonymous_0)
FNDA:5,(anonymous_1)
FNDA:1,(anonymous_2)
FNDA:1,(anonymous_3)
DA:1,2
DA:2,2
DA:3,2
DA:4,2
DA:5,2
DA:6,2
DA:7,2
DA:8,2
DA:10,2
DA:11,2
DA:12,2
DA:18,2
DA:28,2
DA:29,5
DA:30,5
DA:32,5
DA:33,5
DA:34,5
DA:35,5
DA:37,5
DA:40,5
DA:71,1
DA:80,1
DA:90,2
LF:24
LH:24
BRDA:35,0,0,0
BRDA:35,0,1,5
BRF:2
BRH:1
end_of_record
TN:
SF:src/Todo/editDialog.tsx
FN:18,(anonymous_0)
FN:29,(anonymous_1)
FN:43,(anonymous_2)
FN:54,(anonymous_3)
FN:61,(anonymous_4)
FN:71,(anonymous_5)
FN:72,(anonymous_6)
FN:92,(anonymous_7)
FN:99,(anonymous_8)
FNF:9
FNH:5
FNDA:5,(anonymous_0)
FNDA:19,(anonymous_1)
FNDA:1,(anonymous_2)
FNDA:2,(anonymous_3)
FNDA:0,(anonymous_4)
FNDA:2,(anonymous_5)
FNDA:0,(anonymous_6)
FNDA:0,(anonymous_7)
FNDA:0,(anonymous_8)
DA:1,3
DA:2,3
DA:3,3
DA:4,3
DA:5,3
DA:6,3
DA:7,3
DA:8,3
DA:10,3
DA:11,3
DA:12,3
DA:18,5
DA:29,3
DA:30,19
DA:31,19
DA:32,19
DA:33,19
DA:34,19
DA:35,19
DA:43,19
DA:44,1
DA:46,1
DA:49,19
DA:54,2
DA:61,0
DA:71,2
DA:72,0
DA:92,0
DA:99,0
DA:120,3
LF:30
LH:26
BRDA:73,0,0,19
BRDA:73,0,1,3
BRDA:74,1,0,0
BRDA:74,1,1,19
BRDA:74,2,0,19
BRDA:74,2,1,3
BRF:6
BRH:5
end_of_record
TN:
SF:src/Todo/form.tsx
FN:12,(anonymous_0)
FN:22,(anonymous_1)
FN:37,(anonymous_2)
FN:52,(anonymous_3)
FN:53,(anonymous_4)
FN:70,(anonymous_5)
FNF:6
FNH:5
FNDA:1,(anonymous_0)
FNDA:7,(anonymous_1)
FNDA:1,(anonymous_2)
FNDA:0,(anonymous_3)
FNDA:1,(anonymous_4)
FNDA:1,(anonymous_5)
DA:1,1
DA:2,1
DA:3,1
DA:4,1
DA:5,1
DA:7,1
DA:8,1
DA:9,1
DA:12,1
DA:22,1
DA:23,7
DA:24,7
DA:25,7
DA:26,7
DA:29,7
DA:37,7
DA:38,1
DA:40,1
DA:41,1
DA:42,1
DA:43,1
DA:46,7
DA:52,0
DA:53,1
DA:70,1
DA:87,1
LF:26
LH:25
BRDA:54,0,0,7
BRDA:54,0,1,0
BRDA:55,1,0,0
BRDA:55,1,1,7
BRDA:55,2,0,7
BRDA:55,2,1,0
BRF:6
BRH:3
end_of_record
TN:
SF:src/Todo/list.tsx
FN:7,(anonymous_0)
FN:17,(anonymous_1)
FN:19,(anonymous_2)
FN:21,(anonymous_3)
FN:33,(anonymous_4)
FNF:5
FNH:5
FNDA:1,(anonymous_0)
FNDA:1,(anonymous_1)
FNDA:1,(anonymous_2)
FNDA:4,(anonymous_3)
FNDA:3,(anonymous_4)
DA:1,1
DA:2,1
DA:4,1
DA:5,1
DA:7,1
DA:17,1
DA:18,1
DA:19,1
DA:20,1
DA:21,4
DA:24,1
DA:34,3
DA:42,1
LF:13
LH:13
BRF:0
BRH:0
end_of_record
TN:
SF:src/Todo/slice.ts
FN:14,(anonymous_0)
FN:17,(anonymous_1)
FN:18,(anonymous_2)
FN:26,(anonymous_3)
FN:29,(anonymous_4)
FN:31,(anonymous_5)
FN:32,(anonymous_6)
FNF:7
FNH:7
FNDA:2,(anonymous_0)
FNDA:2,(anonymous_1)
FNDA:2,(anonymous_2)
FNDA:2,(anonymous_3)
FNDA:2,(anonymous_4)
FNDA:2,(anonymous_5)
FNDA:1,(anonymous_6)
DA:1,5
DA:3,5
DA:5,5
DA:10,5
DA:15,2
DA:18,2
DA:19,2
DA:20,2
DA:23,0
DA:27,2
DA:29,2
DA:32,2
DA:37,5
DA:39,5
LF:14
LH:13
BRDA:19,0,0,2
BRDA:19,0,1,0
BRF:2
BRH:1
end_of_record
TN:
SF:src/hooks/useInput.hook.ts
FN:4,(anonymous_0)
FN:12,(anonymous_1)
FN:74,(anonymous_2)
FN:79,(anonymous_3)
FN:83,(anonymous_4)
FNF:5
FNH:5
FNDA:26,(anonymous_0)
FNDA:10,(anonymous_1)
FNDA:26,(anonymous_2)
FNDA:1,(anonymous_3)
FNDA:2,(anonymous_4)
DA:2,4
DA:4,4
DA:5,26
DA:6,26
DA:7,26
DA:8,26
DA:9,26
DA:10,26
DA:12,26
DA:13,10
DA:15,10
DA:18,30
DA:20,10
DA:21,2
DA:22,2
DA:24,8
DA:29,30
DA:31,10
DA:32,0
DA:33,0
DA:35,10
DA:40,30
DA:42,10
DA:43,2
DA:44,2
DA:46,8
DA:53,10
DA:54,4
DA:55,4
DA:57,6
DA:62,26
DA:74,4
DA:75,26
DA:76,26
DA:77,26
DA:79,26
DA:80,1
DA:83,26
DA:84,2
DA:87,26
DA:98,4
LF:41
LH:39
BRDA:4,0,0,0
BRDA:18,1,0,10
BRDA:18,1,1,20
BRDA:20,2,0,2
BRDA:20,2,1,8
BRDA:20,3,0,10
BRDA:20,3,1,4
BRDA:29,4,0,10
BRDA:29,4,1,20
BRDA:31,5,0,0
BRDA:31,5,1,10
BRDA:40,6,0,10
BRDA:40,6,1,20
BRDA:42,7,0,2
BRDA:42,7,1,8
BRDA:53,8,0,4
BRDA:53,8,1,6
BRDA:74,9,0,0
BRF:18
BRH:15
end_of_record
